<?xml version="1.0" encoding="UTF-8"?>
<!-- Generated by org.testng.reporters.JUnitXMLReporter -->
<testsuite ignored="0" hostname="ndi-mb-214" failures="0" tests="4" name="/Users/shruti.arora/automation/src/main/java/com/assessment/tests" time="41.258" errors="0" timestamp="2023-06-26T21:29:20 IST">
  <testcase classname="com.assessment.tests.SearchTest" name="searchTermTest" time="5.221"/>
  <testcase classname="com.assessment.tests.SearchTest" name="searchAnotherTermTest" time="5.224"/>
  <testcase classname="com.assessment.tests.SecondSearchTest" name="secondSearchTest" time="4.588"/>
  <testcase classname="com.assessment.tests.SecondSearchTest" name="searchAnotherTermTest" time="2.597"/>
</testsuite> <!-- /Users/shruti.arora/automation/src/main/java/com/assessment/tests -->
