<?xml version="1.0" encoding="UTF-8"?>
<testsuite xmlns:xsi="http://www.w3.org/2001/XMLSchema-instance" xsi:noNamespaceSchemaLocation="https://maven.apache.org/surefire/maven-surefire-plugin/xsd/surefire-test-report-3.0.xsd" version="3.0" name="TestSuite" time="42.119" tests="4" errors="0" skipped="0" failures="0">
  <properties>
[...]
</properties>
  <testcase name="searchTermTest" classname="com.assessment.tests.SearchTest" time="5.236">
    <system-out><![CDATA[06-26-2023 21:28:46 Logs.java INFO  [main] commonUtils.Logs 14 - ********************************************************************
06-26-2023 21:28:46 Logs.java INFO  [main] commonUtils.Logs 15 - ######## start test case : searchTermTest ########
06-26-2023 21:28:46 Logs.java INFO  [main] commonUtils.Logs 16 - ********************************************************************
06-26-2023 21:28:46 Logs.java INFO  [main] commonUtils.Logs 30 - Search Robot in google
06-26-2023 21:28:47 Logs.java INFO  [main] commonUtils.Logs 30 - locate first result in search result
06-26-2023 21:28:51 Logs.java INFO  [main] commonUtils.Logs 24 - ********************************************************************
06-26-2023 21:28:51 Logs.java INFO  [main] commonUtils.Logs 25 - ######## End test case : searchTermTest ########
06-26-2023 21:28:51 Logs.java INFO  [main] commonUtils.Logs 26 - XXXX
]]></system-out>
    <system-err><![CDATA[SLF4J: Failed to load class "org.slf4j.impl.StaticLoggerBinder".
SLF4J: Defaulting to no-operation (NOP) logger implementation
SLF4J: See http://www.slf4j.org/codes.html#StaticLoggerBinder for further details.
ERROR StatusLogger Log4j2 could not find a logging implementation. Please add log4j-core to the classpath. Using SimpleLogger to log to the console...
Starting ChromeDriver 114.0.5735.90 (386bc09e8f4f2e025eddae123f36f6263096ae49-refs/branch-heads/5735@{#1052}) on port 1043
Only local connections are allowed.
Please see https://chromedriver.chromium.org/security-considerations for suggestions on keeping ChromeDriver safe.
ChromeDriver was started successfully.
Jun 26, 2023 9:28:43 PM org.openqa.selenium.devtools.CdpVersionFinder findNearestMatch
WARNING: Unable to find CDP implementation matching 114
Jun 26, 2023 9:28:43 PM org.openqa.selenium.chromium.ChromiumDriver lambda$new$3
WARNING: Unable to find version of CDP to use for . You may need to include a dependency on a specific version of the CDP using something similar to `org.seleniumhq.selenium:selenium-devtools-v86:4.6.0` where the version ("v86") matches the version of the chromium-based browser you're using and the version number of the artifact is the same as Selenium's.
]]></system-err>
  </testcase>
  <testcase name="searchAnotherTermTest" classname="com.assessment.tests.SearchTest" time="5.236">
    <system-out><![CDATA[06-26-2023 21:28:57 Logs.java INFO  [main] commonUtils.Logs 14 - ********************************************************************
06-26-2023 21:28:57 Logs.java INFO  [main] commonUtils.Logs 15 - ######## start test case : searchAnotherTermTest ########
06-26-2023 21:28:57 Logs.java INFO  [main] commonUtils.Logs 16 - ********************************************************************
06-26-2023 21:28:57 Logs.java INFO  [main] commonUtils.Logs 30 - ##### fetching data from excel sheet ######
06-26-2023 21:28:58 Logs.java INFO  [main] commonUtils.Logs 30 - Search Shruti in google
06-26-2023 21:28:58 Logs.java INFO  [main] commonUtils.Logs 30 - locate first result in search result
06-26-2023 21:29:02 Logs.java INFO  [main] commonUtils.Logs 30 - ##### fetching data from excel sheet ######
06-26-2023 21:29:02 Logs.java INFO  [main] commonUtils.Logs 24 - ********************************************************************
06-26-2023 21:29:02 Logs.java INFO  [main] commonUtils.Logs 25 - ######## End test case : searchAnotherTermTest ########
06-26-2023 21:29:02 Logs.java INFO  [main] commonUtils.Logs 26 - XXXX
]]></system-out>
    <system-err><![CDATA[Starting ChromeDriver 114.0.5735.90 (386bc09e8f4f2e025eddae123f36f6263096ae49-refs/branch-heads/5735@{#1052}) on port 39433
Only local connections are allowed.
Please see https://chromedriver.chromium.org/security-considerations for suggestions on keeping ChromeDriver safe.
ChromeDriver was started successfully.
Jun 26, 2023 9:28:54 PM org.openqa.selenium.devtools.CdpVersionFinder findNearestMatch
WARNING: Unable to find CDP implementation matching 114
Jun 26, 2023 9:28:54 PM org.openqa.selenium.chromium.ChromiumDriver lambda$new$3
WARNING: Unable to find version of CDP to use for . You may need to include a dependency on a specific version of the CDP using something similar to `org.seleniumhq.selenium:selenium-devtools-v86:4.6.0` where the version ("v86") matches the version of the chromium-based browser you're using and the version number of the artifact is the same as Selenium's.
]]></system-err>
  </testcase>
  <testcase name="secondSearchTest" classname="com.assessment.tests.SecondSearchTest" time="4.6">
    <system-out><![CDATA[06-26-2023 21:29:08 Logs.java INFO  [main] commonUtils.Logs 30 - Search Testing in google
06-26-2023 21:29:08 Logs.java INFO  [main] commonUtils.Logs 30 - locate first result in search result
]]></system-out>
    <system-err><![CDATA[Starting ChromeDriver 114.0.5735.90 (386bc09e8f4f2e025eddae123f36f6263096ae49-refs/branch-heads/5735@{#1052}) on port 41529
Only local connections are allowed.
Please see https://chromedriver.chromium.org/security-considerations for suggestions on keeping ChromeDriver safe.
ChromeDriver was started successfully.
Jun 26, 2023 9:29:05 PM org.openqa.selenium.devtools.CdpVersionFinder findNearestMatch
WARNING: Unable to find CDP implementation matching 114
Jun 26, 2023 9:29:05 PM org.openqa.selenium.chromium.ChromiumDriver lambda$new$3
WARNING: Unable to find version of CDP to use for . You may need to include a dependency on a specific version of the CDP using something similar to `org.seleniumhq.selenium:selenium-devtools-v86:4.6.0` where the version ("v86") matches the version of the chromium-based browser you're using and the version number of the artifact is the same as Selenium's.
]]></system-err>
  </testcase>
  <testcase name="searchAnotherTermTest" classname="com.assessment.tests.SecondSearchTest" time="2.598">
    <system-out><![CDATA[06-26-2023 21:29:17 Logs.java INFO  [main] commonUtils.Logs 30 - Search Google in google
06-26-2023 21:29:18 Logs.java INFO  [main] commonUtils.Logs 30 - locate first result in search result
]]></system-out>
    <system-err><![CDATA[Starting ChromeDriver 114.0.5735.90 (386bc09e8f4f2e025eddae123f36f6263096ae49-refs/branch-heads/5735@{#1052}) on port 15343
Only local connections are allowed.
Please see https://chromedriver.chromium.org/security-considerations for suggestions on keeping ChromeDriver safe.
ChromeDriver was started successfully.
Jun 26, 2023 9:29:15 PM org.openqa.selenium.devtools.CdpVersionFinder findNearestMatch
WARNING: Unable to find CDP implementation matching 114
Jun 26, 2023 9:29:15 PM org.openqa.selenium.chromium.ChromiumDriver lambda$new$3
WARNING: Unable to find version of CDP to use for . You may need to include a dependency on a specific version of the CDP using something similar to `org.seleniumhq.selenium:selenium-devtools-v86:4.6.0` where the version ("v86") matches the version of the chromium-based browser you're using and the version number of the artifact is the same as Selenium's.
]]></system-err>
  </testcase>
</testsuite>