<?xml version="1.0" encoding="UTF-8"?>
<testng-results ignored="0" total="4" passed="4" failed="0" skipped="0">
  <reporter-output>
  </reporter-output>
  <suite started-at="2023-06-26T21:28:39 IST" name="SmokeTesting" finished-at="2023-06-26T21:29:20 IST" duration-ms="41258">
    <groups>
    </groups>
    <test started-at="2023-06-26T21:28:39 IST" name="/Users/shruti.arora/automation/src/main/java/com/assessment/tests" finished-at="2023-06-26T21:29:20 IST" duration-ms="41258">
      <class name="com.assessment.tests.SearchTest">
        <test-method is-config="true" signature="initializeDriver()[pri:0, instance:com.assessment.tests.SearchTest@7dc3712]" started-at="2023-06-26T21:28:39 IST" name="initializeDriver" finished-at="2023-06-26T21:28:46 IST" duration-ms="6976" status="PASS">
          <reporter-output>
          </reporter-output>
        </test-method> <!-- initializeDriver -->
        <test-method signature="searchTermTest()[pri:0, instance:com.assessment.tests.SearchTest@7dc3712]" started-at="2023-06-26T21:28:46 IST" name="searchTermTest" finished-at="2023-06-26T21:28:51 IST" duration-ms="5221" status="PASS">
          <reporter-output>
          </reporter-output>
        </test-method> <!-- searchTermTest -->
        <test-method is-config="true" signature="quitDriver()[pri:0, instance:com.assessment.tests.SearchTest@7dc3712]" started-at="2023-06-26T21:28:51 IST" name="quitDriver" finished-at="2023-06-26T21:28:52 IST" duration-ms="324" status="PASS">
          <reporter-output>
          </reporter-output>
        </test-method> <!-- quitDriver -->
        <test-method is-config="true" signature="initializeDriver()[pri:0, instance:com.assessment.tests.SearchTest@7dc3712]" started-at="2023-06-26T21:28:52 IST" name="initializeDriver" finished-at="2023-06-26T21:28:57 IST" duration-ms="5178" status="PASS">
          <reporter-output>
          </reporter-output>
        </test-method> <!-- initializeDriver -->
        <test-method signature="searchAnotherTermTest()[pri:0, instance:com.assessment.tests.SearchTest@7dc3712]" started-at="2023-06-26T21:28:57 IST" name="searchAnotherTermTest" finished-at="2023-06-26T21:29:02 IST" duration-ms="5224" status="PASS">
          <reporter-output>
          </reporter-output>
        </test-method> <!-- searchAnotherTermTest -->
        <test-method is-config="true" signature="quitDriver()[pri:0, instance:com.assessment.tests.SearchTest@7dc3712]" started-at="2023-06-26T21:29:02 IST" name="quitDriver" finished-at="2023-06-26T21:29:02 IST" duration-ms="262" status="PASS">
          <reporter-output>
          </reporter-output>
        </test-method> <!-- quitDriver -->
      </class> <!-- com.assessment.tests.SearchTest -->
      <class name="com.assessment.tests.SecondSearchTest">
        <test-method is-config="true" signature="initializeDriver()[pri:0, instance:com.assessment.tests.SecondSearchTest@1a5b6f42]" started-at="2023-06-26T21:29:02 IST" name="initializeDriver" finished-at="2023-06-26T21:29:07 IST" duration-ms="5074" status="PASS">
          <reporter-output>
          </reporter-output>
        </test-method> <!-- initializeDriver -->
        <test-method signature="secondSearchTest()[pri:0, instance:com.assessment.tests.SecondSearchTest@1a5b6f42]" started-at="2023-06-26T21:29:07 IST" name="secondSearchTest" finished-at="2023-06-26T21:29:12 IST" duration-ms="4588" status="PASS">
          <reporter-output>
          </reporter-output>
        </test-method> <!-- secondSearchTest -->
        <test-method is-config="true" signature="quitDriver()[pri:0, instance:com.assessment.tests.SecondSearchTest@1a5b6f42]" started-at="2023-06-26T21:29:12 IST" name="quitDriver" finished-at="2023-06-26T21:29:12 IST" duration-ms="264" status="PASS">
          <reporter-output>
          </reporter-output>
        </test-method> <!-- quitDriver -->
        <test-method is-config="true" signature="initializeDriver()[pri:0, instance:com.assessment.tests.SecondSearchTest@1a5b6f42]" started-at="2023-06-26T21:29:12 IST" name="initializeDriver" finished-at="2023-06-26T21:29:17 IST" duration-ms="5099" status="PASS">
          <reporter-output>
          </reporter-output>
        </test-method> <!-- initializeDriver -->
        <test-method signature="searchAnotherTermTest()[pri:0, instance:com.assessment.tests.SecondSearchTest@1a5b6f42]" started-at="2023-06-26T21:29:17 IST" name="searchAnotherTermTest" finished-at="2023-06-26T21:29:20 IST" duration-ms="2597" status="PASS">
          <reporter-output>
          </reporter-output>
        </test-method> <!-- searchAnotherTermTest -->
        <test-method is-config="true" signature="quitDriver()[pri:0, instance:com.assessment.tests.SecondSearchTest@1a5b6f42]" started-at="2023-06-26T21:29:20 IST" name="quitDriver" finished-at="2023-06-26T21:29:20 IST" duration-ms="255" status="PASS">
          <reporter-output>
          </reporter-output>
        </test-method> <!-- quitDriver -->
      </class> <!-- com.assessment.tests.SecondSearchTest -->
    </test> <!-- /Users/shruti.arora/automation/src/main/java/com/assessment/tests -->
  </suite> <!-- SmokeTesting -->
</testng-results>
